2024-12-07T13:34:55.494437-0300 INFO Chamando função 'pipeline_calculate_sales_total' com args ('data', ['csv', 'parquet']) e kwargs {} with caller file: C:\Users\daniz\OneDrive\Documentos\Cursos\Jornada dos Dados\Bootcamp Python\aula09\pipeline.py utils_log.py
2024-12-07T13:34:55.495937-0300 INFO Chamando função 'extract_and_consolidate_data' com args ('data',) e kwargs {} with caller file: C:\Users\daniz\OneDrive\Documentos\Cursos\Jornada dos Dados\Bootcamp Python\aula09\etl.py utils_log.py
2024-12-07T13:34:55.504437-0300 INFO Função 'extract_and_consolidate_data' executada em 0.0080 segundos timer_decorator.py
2024-12-07T13:34:55.509439-0300 INFO Função 'extract_and_consolidate_data' retornou             Produto    Categoria  Quantidade  Venda        Data
0    Notebook Gamer  Eletrônicos           3   1500  2023-01-15
1     Mouse Sem Fio  Eletrônicos          10     30  2023-01-15
2  Teclado Mecânico  Eletrônicos           5    100  2023-01-15
3    Notebook Gamer  Eletrônicos           7   1500  2023-01-16
4     Mouse Sem Fio  Eletrônicos          10     30  2023-01-16
5  Teclado Mecânico  Eletrônicos           3    100  2023-01-16
6    Notebook Gamer  Eletrônicos           2   1500  2023-01-17
7     Mouse Sem Fio  Eletrônicos          14     30  2023-01-17
8  Teclado Mecânico  Eletrônicos           2    100  2023-01-17 utils_log.py
2024-12-07T13:34:55.513939-0300 INFO Chamando função 'calculate_sales_total' com args (            Produto    Categoria  Quantidade  Venda        Data
0    Notebook Gamer  Eletrônicos           3   1500  2023-01-15
1     Mouse Sem Fio  Eletrônicos          10     30  2023-01-15
2  Teclado Mecânico  Eletrônicos           5    100  2023-01-15
3    Notebook Gamer  Eletrônicos           7   1500  2023-01-16
4     Mouse Sem Fio  Eletrônicos          10     30  2023-01-16
5  Teclado Mecânico  Eletrônicos           3    100  2023-01-16
6    Notebook Gamer  Eletrônicos           2   1500  2023-01-17
7     Mouse Sem Fio  Eletrônicos          14     30  2023-01-17
8  Teclado Mecânico  Eletrônicos           2    100  2023-01-17,) e kwargs {} with caller file: C:\Users\daniz\OneDrive\Documentos\Cursos\Jornada dos Dados\Bootcamp Python\aula09\etl.py utils_log.py
2024-12-07T13:34:55.515440-0300 INFO Função 'calculate_sales_total' executada em 0.0005 segundos timer_decorator.py
2024-12-07T13:34:55.518439-0300 INFO Função 'calculate_sales_total' retornou             Produto    Categoria  Quantidade  Venda        Data  Total
0    Notebook Gamer  Eletrônicos           3   1500  2023-01-15   4500
1     Mouse Sem Fio  Eletrônicos          10     30  2023-01-15    300
2  Teclado Mecânico  Eletrônicos           5    100  2023-01-15    500
3    Notebook Gamer  Eletrônicos           7   1500  2023-01-16  10500
4     Mouse Sem Fio  Eletrônicos          10     30  2023-01-16    300
5  Teclado Mecânico  Eletrônicos           3    100  2023-01-16    300
6    Notebook Gamer  Eletrônicos           2   1500  2023-01-17   3000
7     Mouse Sem Fio  Eletrônicos          14     30  2023-01-17    420
8  Teclado Mecânico  Eletrônicos           2    100  2023-01-17    200 utils_log.py
2024-12-07T13:34:55.523441-0300 INFO Chamando função 'load_data' com args (            Produto    Categoria  Quantidade  Venda        Data  Total
0    Notebook Gamer  Eletrônicos           3   1500  2023-01-15   4500
1     Mouse Sem Fio  Eletrônicos          10     30  2023-01-15    300
2  Teclado Mecânico  Eletrônicos           5    100  2023-01-15    500
3    Notebook Gamer  Eletrônicos           7   1500  2023-01-16  10500
4     Mouse Sem Fio  Eletrônicos          10     30  2023-01-16    300
5  Teclado Mecânico  Eletrônicos           3    100  2023-01-16    300
6    Notebook Gamer  Eletrônicos           2   1500  2023-01-17   3000
7     Mouse Sem Fio  Eletrônicos          14     30  2023-01-17    420
8  Teclado Mecânico  Eletrônicos           2    100  2023-01-17    200, ['csv', 'parquet']) e kwargs {} with caller file: C:\Users\daniz\OneDrive\Documentos\Cursos\Jornada dos Dados\Bootcamp Python\aula09\etl.py utils_log.py
2024-12-07T13:34:55.540445-0300 INFO Função 'load_data' executada em 0.0155 segundos timer_decorator.py
2024-12-07T13:34:55.540445-0300 INFO Função 'load_data' retornou data loaded succesfully utils_log.py
2024-12-07T13:34:55.540944-0300 INFO Função 'pipeline_calculate_sales_total' executada em 0.0460 segundos timer_decorator.py
2024-12-07T13:34:55.540944-0300 INFO Função 'pipeline_calculate_sales_total' retornou pipeline ran succesfully utils_log.py
